<?xml version="1.0" encoding="UTF-8"?>
<!-- Generated by org.testng.reporters.JUnitReportReporter -->
<testsuite skipped="0" hostname="DESKTOP-G6T0SJ9" name="Parallel.ParallelTESTNG.Test4" tests="1" failures="0" timestamp="2020-02-09T01:41:50 MSK" time="2.711" errors="0">
  <testcase name="test" time="2.711" classname="Parallel.ParallelTESTNG.Test4"/>
</testsuite> <!-- Parallel.ParallelTESTNG.Test4 -->
